<?xml version="1.0" encoding="UTF-8"?>
<!-- Generated by org.testng.reporters.JUnitXMLReporter -->
<testsuite hostname="DESKTOP-D7FC95S" ignored="0" name="Tests" tests="4" failures="1" timestamp="2022-02-11T20:35:04 CET" time="111.521" errors="0">
  <testcase name="failedLogin" time="9.583" classname="tests.FailedLoginTest"/>
  <testcase name="login" time="17.097" classname="tests.LoginTest">
    <failure type="java.lang.AssertionError" message="expected [Sign ljubicica] but found [Sign out]">
      <![CDATA[java.lang.AssertionError: expected [Sign ljubicica] but found [Sign out]
at pages.BasePage.assertStringEquals(BasePage.java:46)
at pages.VerificationPage.verifyLogin(VerificationPage.java:21)
at tests.LoginTest.login(LoginTest.java:23)
at java.util.ArrayList.forEach(ArrayList.java:1257)
at com.intellij.rt.testng.IDEARemoteTestNG.run(IDEARemoteTestNG.java:66)
at com.intellij.rt.testng.RemoteTestNGStarter.main(RemoteTestNGStarter.java:109)
... Removed 31 stack frames]]>
    </failure>
  </testcase> <!-- login -->
  <testcase name="registration" time="18.241" classname="tests.RegistrationTest"/>
  <testcase name="logout" time="15.315" classname="tests_with_login.LogoutTest"/>
</testsuite> <!-- Tests -->
